<?xml version="1.0" encoding="UTF-8"?>
<testsuite name="hw3.RatPolyTest" tests="90" skipped="0" failures="0" errors="0" timestamp="2025-03-13T00:58:38.214Z" hostname="jumping-jack-146.dynamic2.rpi.edu" time="0.038">
  <properties/>
  <testcase name="testAddMultipleTerm()" classname="hw3.RatPolyTest" time="0.001"/>
  <testcase name="testToStringSimple()" classname="hw3.RatPolyTest" time="0.0"/>
  <testcase name="testMultiplicationZeroToZero()" classname="hw3.RatPolyTest" time="0.0"/>
  <testcase name="testValueOfMultTerms()" classname="hw3.RatPolyTest" time="0.002"/>
  <testcase name="testIntegrateNaN()" classname="hw3.RatPolyTest" time="0.0"/>
  <testcase name="testIntegrateOne()" classname="hw3.RatPolyTest" time="0.0"/>
  <testcase name="testEvalOne()" classname="hw3.RatPolyTest" time="0.0"/>
  <testcase name="testEvalXsq()" classname="hw3.RatPolyTest" time="0.001"/>
  <testcase name="testDifferentiateNaN()" classname="hw3.RatPolyTest" time="0.0"/>
  <testcase name="testDifferentiatePowerRule()" classname="hw3.RatPolyTest" time="0.001"/>
  <testcase name="testTwoArgCtorWithLargeExp()" classname="hw3.RatPolyTest" time="0.0"/>
  <testcase name="testAntiDifferentiateSumRule()" classname="hw3.RatPolyTest" time="0.0"/>
  <testcase name="testMulMultiplElem()" classname="hw3.RatPolyTest" time="0.0"/>
  <testcase name="testToStringNaN()" classname="hw3.RatPolyTest" time="0.0"/>
  <testcase name="testSubtractZeroFromZero()" classname="hw3.RatPolyTest" time="0.0"/>
  <testcase name="testAddSingleTerm()" classname="hw3.RatPolyTest" time="0.001"/>
  <testcase name="testDegreeNonZero()" classname="hw3.RatPolyTest" time="0.0"/>
  <testcase name="testDegreeNonZeroMultiTerm()" classname="hw3.RatPolyTest" time="0.0"/>
  <testcase name="testEvalX()" classname="hw3.RatPolyTest" time="0.0"/>
  <testcase name="testIsNaN()" classname="hw3.RatPolyTest" time="0.0"/>
  <testcase name="testAddInverse()" classname="hw3.RatPolyTest" time="0.0"/>
  <testcase name="testNegatePosToNeg()" classname="hw3.RatPolyTest" time="0.001"/>
  <testcase name="testMultiplicationIdentity()" classname="hw3.RatPolyTest" time="0.0"/>
  <testcase name="testMultiplicationAssociativity()" classname="hw3.RatPolyTest" time="0.0"/>
  <testcase name="testSubtractZeroAndNonZero()" classname="hw3.RatPolyTest" time="0.001"/>
  <testcase name="testDifferentiateSumRule()" classname="hw3.RatPolyTest" time="0.0"/>
  <testcase name="testMultiplicationNaNtoNonNaN()" classname="hw3.RatPolyTest" time="0.0"/>
  <testcase name="testDegreeZero()" classname="hw3.RatPolyTest" time="0.001"/>
  <testcase name="testNegateNaN()" classname="hw3.RatPolyTest" time="0.0"/>
  <testcase name="testValueOfLeadingNeg()" classname="hw3.RatPolyTest" time="0.0"/>
  <testcase name="testEvalXSq_minus_2X()" classname="hw3.RatPolyTest" time="0.001"/>
  <testcase name="testDifferentiatetoMultipleTerms()" classname="hw3.RatPolyTest" time="0.0"/>
  <testcase name="testNegatNegToPos()" classname="hw3.RatPolyTest" time="0.0"/>
  <testcase name="testAntiDifferentiateDifferenceRule()" classname="hw3.RatPolyTest" time="0.0"/>
  <testcase name="testAddNaNtoNaN()" classname="hw3.RatPolyTest" time="0.0"/>
  <testcase name="testMultiplicationZeroToNonZero()" classname="hw3.RatPolyTest" time="0.0"/>
  <testcase name="testAntiDifferentiate()" classname="hw3.RatPolyTest" time="0.0"/>
  <testcase name="testSubtractDiffDegree()" classname="hw3.RatPolyTest" time="0.0"/>
  <testcase name="testToStringLeadingNeg()" classname="hw3.RatPolyTest" time="0.0"/>
  <testcase name="testAddWithItSelf()" classname="hw3.RatPolyTest" time="0.0"/>
  <testcase name="testGetTerm()" classname="hw3.RatPolyTest" time="0.0"/>
  <testcase name="testSubtractNaNtoNonNaN()" classname="hw3.RatPolyTest" time="0.0"/>
  <testcase name="testAntiDifferentiateFromZero()" classname="hw3.RatPolyTest" time="0.0"/>
  <testcase name="testNegateZero()" classname="hw3.RatPolyTest" time="0.0"/>
  <testcase name="testAddSameDegree()" classname="hw3.RatPolyTest" time="0.001"/>
  <testcase name="testIntegrateLowBoundGreaterThanHigh()" classname="hw3.RatPolyTest" time="0.0"/>
  <testcase name="testValueOfSimple()" classname="hw3.RatPolyTest" time="0.0"/>
  <testcase name="testMultiplicationCommutativity()" classname="hw3.RatPolyTest" time="0.0"/>
  <testcase name="testDifferentiatetoOne()" classname="hw3.RatPolyTest" time="0.001"/>
  <testcase name="testToStringLeadingConstants()" classname="hw3.RatPolyTest" time="0.0"/>
  <testcase name="testValueOfRationalsMultipleTerms()" classname="hw3.RatPolyTest" time="0.001"/>
  <testcase name="testMultiplicationNaNtoNaN()" classname="hw3.RatPolyTest" time="0.0"/>
  <testcase name="testMultiplicationDiffDegree()" classname="hw3.RatPolyTest" time="0.0"/>
  <testcase name="testDifferentiateSubtractionRule()" classname="hw3.RatPolyTest" time="0.0"/>
  <testcase name="testIsNotNaN()" classname="hw3.RatPolyTest" time="0.0"/>
  <testcase name="testAntiDifferentiateConstantRule()" classname="hw3.RatPolyTest" time="0.0"/>
  <testcase name="testDifferentiateMultiplicationRule()" classname="hw3.RatPolyTest" time="0.0"/>
  <testcase name="testAddNaNtoNonNaN()" classname="hw3.RatPolyTest" time="0.0"/>
  <testcase name="testNoArgCtor()" classname="hw3.RatPolyTest" time="0.0"/>
  <testcase name="testToStringMultTerms()" classname="hw3.RatPolyTest" time="0.0"/>
  <testcase name="testAddZeroToZero()" classname="hw3.RatPolyTest" time="0.0"/>
  <testcase name="testDifferentiateZero()" classname="hw3.RatPolyTest" time="0.0"/>
  <testcase name="testToStringRationalsMultiplElems()" classname="hw3.RatPolyTest" time="0.001"/>
  <testcase name="testAddAssociativity()" classname="hw3.RatPolyTest" time="0.0"/>
  <testcase name="testIntegrateZero()" classname="hw3.RatPolyTest" time="0.0"/>
  <testcase name="testIntegrateLargeBoundDiff()" classname="hw3.RatPolyTest" time="0.001"/>
  <testcase name="testSubtractSameDegree()" classname="hw3.RatPolyTest" time="0.0"/>
  <testcase name="testIntegrateBoundsDiffBy1()" classname="hw3.RatPolyTest" time="0.0"/>
  <testcase name="testEvalZero()" classname="hw3.RatPolyTest" time="0.0"/>
  <testcase name="testToStringRationalsSingleElems()" classname="hw3.RatPolyTest" time="0.001"/>
  <testcase name="testAntiDifferentiateConstantMultipleRule()" classname="hw3.RatPolyTest" time="0.0"/>
  <testcase name="testDifferentiateConstantNonZero()" classname="hw3.RatPolyTest" time="0.0"/>
  <testcase name="testAddZeroToNonZero()" classname="hw3.RatPolyTest" time="0.0"/>
  <testcase name="testValueOfLeadingConstants()" classname="hw3.RatPolyTest" time="0.0"/>
  <testcase name="testIntegrateEqualBounds()" classname="hw3.RatPolyTest" time="0.001"/>
  <testcase name="testTwoArgCtorWithOneExp()" classname="hw3.RatPolyTest" time="0.001"/>
  <testcase name="testValueOfNaN()" classname="hw3.RatPolyTest" time="0.0"/>
  <testcase name="testEval2X()" classname="hw3.RatPolyTest" time="0.0"/>
  <testcase name="testZeroElim()" classname="hw3.RatPolyTest" time="0.0"/>
  <testcase name="testMultiplicationSameDegree()" classname="hw3.RatPolyTest" time="0.0"/>
  <testcase name="testTwoArgCtorWithZeroExp()" classname="hw3.RatPolyTest" time="0.0"/>
  <testcase name="testAntiDifferentiateWithNaN()" classname="hw3.RatPolyTest" time="0.001"/>
  <testcase name="testAntiDifferentiateWithQuadPoly()" classname="hw3.RatPolyTest" time="0.0"/>
  <testcase name="testAddCommutativity()" classname="hw3.RatPolyTest" time="0.0"/>
  <testcase name="testAddDifferentDegree()" classname="hw3.RatPolyTest" time="0.0"/>
  <testcase name="testImmutabilityOfOperations()" classname="hw3.RatPolyTest" time="0.001"/>
  <testcase name="testSubtractNaNtoNaN()" classname="hw3.RatPolyTest" time="0.0"/>
  <testcase name="testDifferentiateProductRule()" classname="hw3.RatPolyTest" time="0.0"/>
  <testcase name="testAntiDifferentiatePowerRule()" classname="hw3.RatPolyTest" time="0.0"/>
  <testcase name="testValueOfRationalsSingleTerms()" classname="hw3.RatPolyTest" time="0.001"/>
  <system-out><![CDATA[]]></system-out>
  <system-err><![CDATA[]]></system-err>
</testsuite>
