<?xml version="1.0" encoding="UTF-8"?>
<testsuite name="hw3.RatNumTest" tests="98" skipped="0" failures="0" errors="0" timestamp="2025-03-13T00:58:38.127Z" hostname="jumping-jack-146.dynamic2.rpi.edu" time="0.07">
  <properties/>
  <testcase name="testFloatValueWholeNumber()" classname="hw3.RatNumTest" time="0.012"/>
  <testcase name="testAddImproper()" classname="hw3.RatNumTest" time="0.004"/>
  <testcase name="testIntValueUnsupported()" classname="hw3.RatNumTest" time="0.0"/>
  <testcase name="testToStringSimple()" classname="hw3.RatNumTest" time="0.001"/>
  <testcase name="testMulTransitivelyToNonZero()" classname="hw3.RatNumTest" time="0.0"/>
  <testcase name="testIntValueWithOutRound()" classname="hw3.RatNumTest" time="0.0"/>
  <testcase name="testFloatValueFracNumber()" classname="hw3.RatNumTest" time="0.001"/>
  <testcase name="testAddTransitivelyFractions()" classname="hw3.RatNumTest" time="0.0"/>
  <testcase name="testDivComplex()" classname="hw3.RatNumTest" time="0.0"/>
  <testcase name="testCompareToFract()" classname="hw3.RatNumTest" time="0.001"/>
  <testcase name="testEqualsSimpleWithDiffObjects()" classname="hw3.RatNumTest" time="0.001"/>
  <testcase name="testEqualsNotReducedFormOne()" classname="hw3.RatNumTest" time="0.0"/>
  <testcase name="testAddTransitivelyWholeNum()" classname="hw3.RatNumTest" time="0.0"/>
  <testcase name="testMulSimple()" classname="hw3.RatNumTest" time="0.001"/>
  <testcase name="testToStringNaN()" classname="hw3.RatNumTest" time="0.0"/>
  <testcase name="testSubOnNaN()" classname="hw3.RatNumTest" time="0.001"/>
  <testcase name="testIsNegWholeNum()" classname="hw3.RatNumTest" time="0.001"/>
  <testcase name="testIntValueMinValueDivByMinValue()" classname="hw3.RatNumTest" time="0.0"/>
  <testcase name="testIntValueWithRoundOneOverMaxValue()" classname="hw3.RatNumTest" time="0.0"/>
  <testcase name="testTwoArgConstructorNaN()" classname="hw3.RatNumTest" time="0.0"/>
  <testcase name="testTwoArgConstructorNeg()" classname="hw3.RatNumTest" time="0.001"/>
  <testcase name="testTwoArgConstructorPos()" classname="hw3.RatNumTest" time="0.0"/>
  <testcase name="testSubComplex()" classname="hw3.RatNumTest" time="0.0"/>
  <testcase name="testFloatValueNaN()" classname="hw3.RatNumTest" time="0.001"/>
  <testcase name="testIsNaN()" classname="hw3.RatNumTest" time="0.0"/>
  <testcase name="testIsNegFraction()" classname="hw3.RatNumTest" time="0.0"/>
  <testcase name="testMulTransitivelyComplex()" classname="hw3.RatNumTest" time="0.0"/>
  <testcase name="testIntValueWithRoundtoNegOne()" classname="hw3.RatNumTest" time="0.0"/>
  <testcase name="testIntValueWithRoundtoPosOne()" classname="hw3.RatNumTest" time="0.001"/>
  <testcase name="testNegateNaN()" classname="hw3.RatNumTest" time="0.0"/>
  <testcase name="testSubTransitivelyNaN()" classname="hw3.RatNumTest" time="0.001"/>
  <testcase name="testToStringOneDenom()" classname="hw3.RatNumTest" time="0.0"/>
  <testcase name="testCompareToReflexive()" classname="hw3.RatNumTest" time="0.001"/>
  <testcase name="testCompareToNonFract()" classname="hw3.RatNumTest" time="0.0"/>
  <testcase name="testSubTransitivelyComplex()" classname="hw3.RatNumTest" time="0.001"/>
  <testcase name="testAddOnNaN()" classname="hw3.RatNumTest" time="0.0"/>
  <testcase name="testMulTransitivelyToZero()" classname="hw3.RatNumTest" time="0.001"/>
  <testcase name="testNegateToNeg()" classname="hw3.RatNumTest" time="0.0"/>
  <testcase name="testNegateToPos()" classname="hw3.RatNumTest" time="0.0"/>
  <testcase name="testEqualsReflexive()" classname="hw3.RatNumTest" time="0.001"/>
  <testcase name="testToStringReduction()" classname="hw3.RatNumTest" time="0.0"/>
  <testcase name="testDoubleValueWholeNumber()" classname="hw3.RatNumTest" time="0.001"/>
  <testcase name="testIntValueMaxValueDivByMaxValue()" classname="hw3.RatNumTest" time="0.0"/>
  <testcase name="testDivTransitively()" classname="hw3.RatNumTest" time="0.001"/>
  <testcase name="testIntValueWithRoundMinValue()" classname="hw3.RatNumTest" time="0.0"/>
  <testcase name="testTwoArgConstructorImproperFract()" classname="hw3.RatNumTest" time="0.001"/>
  <testcase name="testValueOfNegOne()" classname="hw3.RatNumTest" time="0.0"/>
  <testcase name="testValueOfPosOne()" classname="hw3.RatNumTest" time="0.001"/>
  <testcase name="testValueOfPosTwo()" classname="hw3.RatNumTest" time="0.0"/>
  <testcase name="testMulPropertiesZero()" classname="hw3.RatNumTest" time="0.0"/>
  <testcase name="testMulPropertiesNegOne()" classname="hw3.RatNumTest" time="0.0"/>
  <testcase name="testValueOf()" classname="hw3.RatNumTest" time="0.0"/>
  <testcase name="testValueOfNa()" classname="hw3.RatNumTest" time="0.0"/>
  <testcase name="testEqualsSimple()" classname="hw3.RatNumTest" time="0.0"/>
  <testcase name="testEqualsForSign()" classname="hw3.RatNumTest" time="0.002"/>
  <testcase name="testMulPropertiesOne()" classname="hw3.RatNumTest" time="0.001"/>
  <testcase name="testFloatValueSmallNum()" classname="hw3.RatNumTest" time="0.0"/>
  <testcase name="testMulTransitivelyNaN()" classname="hw3.RatNumTest" time="0.001"/>
  <testcase name="testMulComplexToOne()" classname="hw3.RatNumTest" time="0.0"/>
  <testcase name="testDivTransitivelyWholeNum()" classname="hw3.RatNumTest" time="0.001"/>
  <testcase name="testSimpleDivToZero()" classname="hw3.RatNumTest" time="0.0"/>
  <testcase name="testSubImproper()" classname="hw3.RatNumTest" time="0.001"/>
  <testcase name="testSubSimple()" classname="hw3.RatNumTest" time="0.0"/>
  <testcase name="testIsNotNaN()" classname="hw3.RatNumTest" time="0.0"/>
  <testcase name="testValueOfOneHalf()" classname="hw3.RatNumTest" time="0.0"/>
  <testcase name="testDoubleValueNaN()" classname="hw3.RatNumTest" time="0.0"/>
  <testcase name="testEqualsNotReducedFormNegOne()" classname="hw3.RatNumTest" time="0.0"/>
  <testcase name="testDivTransitivelyNaN()" classname="hw3.RatNumTest" time="0.0"/>
  <testcase name="testAddSimple()" classname="hw3.RatNumTest" time="0.001"/>
  <testcase name="testCompareToNaNs()" classname="hw3.RatNumTest" time="0.0"/>
  <testcase name="testSubSimpleToNeg()" classname="hw3.RatNumTest" time="0.001"/>
  <testcase name="testDivOnNaN()" classname="hw3.RatNumTest" time="0.0"/>
  <testcase name="testValueOfThreeHalfs()" classname="hw3.RatNumTest" time="0.0"/>
  <testcase name="testDoubleValueSmallNum()" classname="hw3.RatNumTest" time="0.0"/>
  <testcase name="testDivNaN()" classname="hw3.RatNumTest" time="0.0"/>
  <testcase name="testMulOnNaN()" classname="hw3.RatNumTest" time="0.001"/>
  <testcase name="testSubTransitivetyWholeNumsToNonZero()" classname="hw3.RatNumTest" time="0.0"/>
  <testcase name="testIntValueWithRoundMaxValue()" classname="hw3.RatNumTest" time="0.0"/>
  <testcase name="testIsPosWholeNum()" classname="hw3.RatNumTest" time="0.0"/>
  <testcase name="testZeroIsNotPosNorNeg()" classname="hw3.RatNumTest" time="0.0"/>
  <testcase name="testEqualsNaN()" classname="hw3.RatNumTest" time="0.0"/>
  <testcase name="testMulComplexToComplex()" classname="hw3.RatNumTest" time="0.0"/>
  <testcase name="testMulImproper()" classname="hw3.RatNumTest" time="0.001"/>
  <testcase name="testAddComplexToOne()" classname="hw3.RatNumTest" time="0.0"/>
  <testcase name="testNaNIsPos()" classname="hw3.RatNumTest" time="0.0"/>
  <testcase name="testAddTransitivelyNaN()" classname="hw3.RatNumTest" time="0.001"/>
  <testcase name="testAddTransitivelyOne()" classname="hw3.RatNumTest" time="0.0"/>
  <testcase name="testIsPosFraction()" classname="hw3.RatNumTest" time="0.001"/>
  <testcase name="testEqualsNotReducedFormFraction()" classname="hw3.RatNumTest" time="0.0"/>
  <testcase name="testEqualsForFalsePos()" classname="hw3.RatNumTest" time="0.0"/>
  <testcase name="testAddTransitivelyZero()" classname="hw3.RatNumTest" time="0.001"/>
  <testcase name="testDivImproper()" classname="hw3.RatNumTest" time="0.0"/>
  <testcase name="testToStringFractions()" classname="hw3.RatNumTest" time="0.0"/>
  <testcase name="testDoubleValueFracNumber()" classname="hw3.RatNumTest" time="0.001"/>
  <testcase name="testEqualsNotFalsePosWithFracs()" classname="hw3.RatNumTest" time="0.0"/>
  <testcase name="testOneArgConstructor()" classname="hw3.RatNumTest" time="0.0"/>
  <testcase name="testSubTransitivetyWholeNumsToZero()" classname="hw3.RatNumTest" time="0.0"/>
  <testcase name="testAddComplex()" classname="hw3.RatNumTest" time="0.0"/>
  <system-out><![CDATA[]]></system-out>
  <system-err><![CDATA[]]></system-err>
</testsuite>
