<?xml version="1.0" encoding="UTF-8"?>
<testsuite name="hw6.BenchmarkClassesTest" tests="7" skipped="0" failures="0" errors="0" timestamp="2025-04-23T03:55:35" hostname="jumping-jack-169.dynamic2.rpi.edu" time="0.019">
  <properties/>
  <testcase name="Test BenchmarkResult constructor and getters" classname="hw6.BenchmarkClassesTest" time="0.003"/>
  <testcase name="Test BenchmarkRunner with multiple files" classname="hw6.BenchmarkClassesTest" time="0.009"/>
  <testcase name="Test BenchmarkRunner extractAvailableParts" classname="hw6.BenchmarkClassesTest" time="0.001"/>
  <testcase name="Test BenchmarkRunner with non-existent file" classname="hw6.BenchmarkClassesTest" time="0.001"/>
  <testcase name="Test BenchmarkRunner with single part" classname="hw6.BenchmarkClassesTest" time="0.001"/>
  <testcase name="Test BenchmarkRunner with empty parts list" classname="hw6.BenchmarkClassesTest" time="0.001"/>
  <testcase name="Test BenchmarkRunner with valid file" classname="hw6.BenchmarkClassesTest" time="0.001"/>
  <system-out><![CDATA[]]></system-out>
  <system-err><![CDATA[]]></system-err>
</testsuite>
