<?xml version="1.0" encoding="UTF-8"?>
<testsuite name="hw6.LegoPathsTest" tests="5" skipped="0" failures="0" errors="0" timestamp="2025-04-23T03:55:36" hostname="jumping-jack-169.dynamic2.rpi.edu" time="0.005">
  <properties/>
  <testcase name="testBasicFunctionality()" classname="hw6.LegoPathsTest" time="0.001"/>
  <testcase name="testMultipleSetSharing()" classname="hw6.LegoPathsTest" time="0.001"/>
  <testcase name="testUnknownParts()" classname="hw6.LegoPathsTest" time="0.001"/>
  <testcase name="testNullInputs()" classname="hw6.LegoPathsTest" time="0.001"/>
  <testcase name="testNoPath()" classname="hw6.LegoPathsTest" time="0.001"/>
  <system-out><![CDATA[]]></system-out>
  <system-err><![CDATA[]]></system-err>
</testsuite>
