<?xml version="1.0" encoding="UTF-8"?>
<testsuite name="hw6.BenchmarkLegoPathsComprehensiveTest" tests="6" skipped="0" failures="0" errors="0" timestamp="2025-04-23T03:55:35" hostname="jumping-jack-169.dynamic2.rpi.edu" time="0.039">
  <properties/>
  <testcase name="testMainMethodWithNonExistentFile()" classname="hw6.BenchmarkLegoPathsComprehensiveTest" time="0.015"/>
  <testcase name="testMainMethodWithSpecificFile()" classname="hw6.BenchmarkLegoPathsComprehensiveTest" time="0.006"/>
  <testcase name="testMainMethodWithAllTestFiles()" classname="hw6.BenchmarkLegoPathsComprehensiveTest" time="0.005"/>
  <testcase name="testWarmUpWithNonExistentDirectory()" classname="hw6.BenchmarkLegoPathsComprehensiveTest" time="0.005"/>
  <testcase name="testWarmUpMethodDirectly()" classname="hw6.BenchmarkLegoPathsComprehensiveTest" time="0.003"/>
  <testcase name="testMainMethodWithVerboseModeForcedOn()" classname="hw6.BenchmarkLegoPathsComprehensiveTest" time="0.004"/>
  <system-out><![CDATA[]]></system-out>
  <system-err><![CDATA[]]></system-err>
</testsuite>
