<?xml version="1.0" encoding="UTF-8"?>
<testsuite name="hw7.CampusModelComponentsTest" tests="4" skipped="0" failures="0" errors="0" timestamp="2025-04-23T03:55:36" hostname="jumping-jack-169.dynamic2.rpi.edu" time="0.008">
  <properties/>
  <testcase name="testMapNodeToString()" classname="hw7.CampusModelComponentsTest" time="0.003"/>
  <testcase name="testBuildingMethodsAndToString()" classname="hw7.CampusModelComponentsTest" time="0.002"/>
  <testcase name="testMapNodeEqualsAndHashCode()" classname="hw7.CampusModelComponentsTest" time="0.001"/>
  <testcase name="testPathSegmentGetters()" classname="hw7.CampusModelComponentsTest" time="0.002"/>
  <system-out><![CDATA[]]></system-out>
  <system-err><![CDATA[]]></system-err>
</testsuite>
