<?xml version="1.0" encoding="UTF-8"?>
<testsuite name="hw7.CampusPathsTextUITest" tests="3" skipped="0" failures="0" errors="0" timestamp="2025-04-23T03:55:36" hostname="jumping-jack-169.dynamic2.rpi.edu" time="0.004">
  <properties/>
  <testcase name="testUnknownCommand()" classname="hw7.CampusPathsTextUITest" time="0.001"/>
  <testcase name="testUnknownBuildingHandling()" classname="hw7.CampusPathsTextUITest" time="0.001"/>
  <testcase name="testBasicUICommands()" classname="hw7.CampusPathsTextUITest" time="0.002"/>
  <system-out><![CDATA[]]></system-out>
  <system-err><![CDATA[]]></system-err>
</testsuite>
