<?xml version="1.0" encoding="UTF-8"?>
<testsuite name="hw6.ComprehensiveCoverageTest" tests="5" skipped="0" failures="0" errors="0" timestamp="2025-04-23T03:55:35" hostname="jumping-jack-169.dynamic2.rpi.edu" time="0.221">
  <properties/>
  <testcase name="testBenchmarkLegoPathsComplete()" classname="hw6.ComprehensiveCoverageTest" time="0.005"/>
  <testcase name="testLegoParserLambdaFunctions()" classname="hw6.ComprehensiveCoverageTest" time="0.0"/>
  <testcase name="testBuildSharedSetCountsParallel()" classname="hw6.ComprehensiveCoverageTest" time="0.21"/>
  <testcase name="testRunLargeScaleTest()" classname="hw6.ComprehensiveCoverageTest" time="0.001"/>
  <testcase name="testLegoParserParseDataFile()" classname="hw6.ComprehensiveCoverageTest" time="0.001"/>
  <system-out><![CDATA[]]></system-out>
  <system-err><![CDATA[]]></system-err>
</testsuite>
