<?xml version="1.0" encoding="UTF-8"?>
<testsuite name="hw7.CampusPathsComprehensiveTest" tests="5" skipped="0" failures="0" errors="0" timestamp="2025-04-23T03:55:36" hostname="jumping-jack-169.dynamic2.rpi.edu" time="0.007">
  <properties/>
  <testcase name="testCampusPathsMainHandlesIOException()" classname="hw7.CampusPathsComprehensiveTest" time="0.001"/>
  <testcase name="testCampusPathsConstructor()" classname="hw7.CampusPathsComprehensiveTest" time="0.0"/>
  <testcase name="testMainMethodWithImmediateQuit()" classname="hw7.CampusPathsComprehensiveTest" time="0.003"/>
  <testcase name="testCampusPathsControllerReflection()" classname="hw7.CampusPathsComprehensiveTest" time="0.001"/>
  <testcase name="testCampusPathsControllerMethods()" classname="hw7.CampusPathsComprehensiveTest" time="0.002"/>
  <system-out><![CDATA[]]></system-out>
  <system-err><![CDATA[]]></system-err>
</testsuite>
