<?xml version="1.0" encoding="UTF-8"?>
<testsuite name="hw6.LegoParserTest" tests="7" skipped="0" failures="0" errors="0" timestamp="2025-04-23T03:55:36" hostname="jumping-jack-169.dynamic2.rpi.edu" time="0.004">
  <properties/>
  <testcase name="testMalformedDataHeaders()" classname="hw6.LegoParserTest" time="0.001"/>
  <testcase name="testParseLegoData()" classname="hw6.LegoParserTest" time="0.0"/>
  <testcase name="testMalformedDataException()" classname="hw6.LegoParserTest" time="0.0"/>
  <testcase name="testEmptyFile()" classname="hw6.LegoParserTest" time="0.0"/>
  <testcase name="testDuplicateEntries()" classname="hw6.LegoParserTest" time="0.001"/>
  <testcase name="testMissingFields()" classname="hw6.LegoParserTest" time="0.0"/>
  <testcase name="testNonExistentFile()" classname="hw6.LegoParserTest" time="0.001"/>
  <system-out><![CDATA[]]></system-out>
  <system-err><![CDATA[]]></system-err>
</testsuite>
